f:\code\4g\lqbssoftsln\prj\win\lgt\debug\lgt.pch
f:\code\4g\lqbssoftsln\prj\win\lgt\debug\vc141.pdb
f:\code\4g\lqbssoftsln\prj\win\lgt\debug\vc141.idb
f:\code\4g\lqbssoftsln\prj\win\lgt\debug\stdafx.obj
f:\code\4g\lqbssoftsln\prj\win\lgt\debug\mainfrm.obj
f:\code\4g\lqbssoftsln\prj\win\lgt\debug\lgtview.obj
f:\code\4g\lqbssoftsln\prj\win\lgt\debug\lgtprotocol.obj
f:\code\4g\lqbssoftsln\prj\win\lgt\debug\lgtmrsprotocol.obj
f:\code\4g\lqbssoftsln\prj\win\lgt\debug\lgtdoc.obj
f:\code\4g\lqbssoftsln\prj\win\lgt\debug\lgtpublic.obj
f:\code\4g\lqbssoftsln\prj\win\lgt\debug\lgt645protocol.obj
f:\code\4g\lqbssoftsln\prj\win\lgt\debug\lgt.obj
f:\code\4g\lqbssoftsln\prj\win\lgt\debug\fileview.obj
f:\code\4g\lqbssoftsln\prj\win\lgt\debug\classview.obj
f:\code\4g\lqbssoftsln\prj\win\lgt\debug\arch.obj
f:\code\4g\lqbssoftsln\prj\win\lgt\debug\ontimer.obj
f:\code\4g\lqbssoftsln\prj\win\lgt\debug\msgqueue.obj
f:\code\4g\lqbssoftsln\prj\win\lgt\debug\monitortask.obj
f:\code\4g\lqbssoftsln\prj\win\lgt\debug\debug.obj
f:\code\4g\lqbssoftsln\prj\win\lgt\debug\socketif.obj
f:\code\4g\lqbssoftsln\prj\win\lgt\debug\comm.obj
f:\code\4g\lqbssoftsln\prj\win\lgt\debug\dbmgr.obj
f:\code\4g\lqbssoftsln\prj\win\lgt\debug\appadapter.obj
f:\code\4g\lqbssoftsln\prj\win\lgt\debug\viewtree.obj
f:\code\4g\lqbssoftsln\prj\win\lgt\debug\propertieswnd.obj
f:\code\4g\lqbssoftsln\prj\win\lgt\debug\outputwnd.obj
f:\code\4g\lqbssoftsln\prj\win\lgt\debug\lgtmain.obj
f:\code\4g\lqbssoftsln\prj\win\lgt\debug\sqlite3.obj
f:\code\4g\lqbssoftsln\prj\win\lqbssoftsln\debug\lgt.ilk
f:\code\4g\lqbssoftsln\prj\win\lqbssoftsln\debug\lgt.exe
f:\code\4g\lqbssoftsln\prj\win\lqbssoftsln\debug\lgt.pdb
f:\code\4g\lqbssoftsln\prj\win\lgt\debug\lgt.res
f:\code\4g\lqbssoftsln\prj\win\lgt\debug\lgt.tlog\cl.command.1.tlog
f:\code\4g\lqbssoftsln\prj\win\lgt\debug\lgt.tlog\cl.read.1.tlog
f:\code\4g\lqbssoftsln\prj\win\lgt\debug\lgt.tlog\cl.write.1.tlog
f:\code\4g\lqbssoftsln\prj\win\lgt\debug\lgt.tlog\link.command.1.tlog
f:\code\4g\lqbssoftsln\prj\win\lgt\debug\lgt.tlog\link.read.1.tlog
f:\code\4g\lqbssoftsln\prj\win\lgt\debug\lgt.tlog\link.write.1.tlog
f:\code\4g\lqbssoftsln\prj\win\lgt\debug\lgt.tlog\rc.command.1.tlog
f:\code\4g\lqbssoftsln\prj\win\lgt\debug\lgt.tlog\rc.read.1.tlog
f:\code\4g\lqbssoftsln\prj\win\lgt\debug\lgt.tlog\rc.write.1.tlog
